        -:    0:Source:vul.c
        -:    0:Graph:./vul.gcno
        -:    0:Data:./vul.gcda
        -:    0:Runs:1
        -:    0:Programs:1
        -:    1:#include<stdio.h>
        -:    2:#include<string.h>
function main called 1 returned 100% blocks executed 71%
        1:    3:void main(){
        -:    4:    char buf[0x10];
        1:    5:    scanf("%s",buf);
call    0 returned 100%
        1:    6:    if (buf[0]=='a'){
branch  0 taken 100% (fallthrough)
branch  1 taken 0%
        1:    7:        if(buf[1]=='b'){
branch  0 taken 100% (fallthrough)
branch  1 taken 0%
        1:    8:            if(buf[2]=='c'){
branch  0 taken 0% (fallthrough)
branch  1 taken 100%
    #####:    9:                if(strlen(buf)>0x10-1){
branch  0 never executed
branch  1 never executed
    #####:   10:                    printf("test\n");
call    0 never executed
        -:   11:                }
        -:   12:            }
        -:   13:        }
        -:   14:    }
        -:   15:
        1:   16:}
