        -:    0:Source:vul.c
        -:    0:Graph:./vul.gcno
        -:    0:Data:./vul.gcda
        -:    0:Runs:1
        -:    0:Programs:1
        -:    1:#include<stdio.h>
        -:    2:#include<stdlib.h>
function main called 1 returned 100% blocks executed 89%
        1:    3:void main(){
        -:    4:    char buf[0x20];
        1:    5:    read(0,buf,0x20);
call    0 returned 100%
        1:    6:    if (buf[0]=='a'&&buf[1]=='f'){
branch  0 taken 100% (fallthrough)
branch  1 taken 0%
branch  2 taken 100% (fallthrough)
branch  3 taken 0%
        1:    7:        if(buf[2]=='b'&&buf[3]=='g'){
branch  0 taken 100% (fallthrough)
branch  1 taken 0%
branch  2 taken 100% (fallthrough)
branch  3 taken 0%
        1:    8:            if(buf[4]=='c'&&buf[5]=='h'){
branch  0 taken 100% (fallthrough)
branch  1 taken 0%
branch  2 taken 0% (fallthrough)
branch  3 taken 100%
    #####:    9:                abort();
call    0 never executed
        -:   10:            }
        -:   11:        }
        -:   12:    }
        -:   13:
        1:   14:}
